-------------------------------------------------------------------------------
Test set: com.maquinadebusca.app.AppApplicationTests
-------------------------------------------------------------------------------
Tests run: 1, Failures: 0, Errors: 1, Skipped: 0, Time elapsed: 10.84 s <<< FAILURE! - in com.maquinadebusca.app.AppApplicationTests
contextLoads(com.maquinadebusca.app.AppApplicationTests)  Time elapsed: 0.008 s  <<< ERROR!
java.lang.IllegalStateException: Failed to load ApplicationContext
Caused by: org.springframework.beans.factory.BeanCreationException: 
Error creating bean with name 'requestMappingHandlerMapping' defined in class path resource [org/springframework/boot/autoconfigure/web/servlet/WebMvcAutoConfiguration$EnableWebMvcConfiguration.class]: Invocation of init method failed; nested exception is java.lang.IllegalStateException: Ambiguous mapping. Cannot map 'coletor' method 
public java.util.List<org.springframework.http.ResponseEntity> com.maquinadebusca.app.controller.Coletor.inserirLink(com.maquinadebusca.app.sementes.Sementes)
to {[/coletor/link],methods=[POST],produces=[application/problem+json;charset=UTF-8]}: There is already 'coletor' bean method
public org.springframework.http.ResponseEntity com.maquinadebusca.app.controller.Coletor.inserirLink(com.maquinadebusca.app.model.Link,org.springframework.validation.BindingResult) mapped.
Caused by: java.lang.IllegalStateException: 
Ambiguous mapping. Cannot map 'coletor' method 
public java.util.List<org.springframework.http.ResponseEntity> com.maquinadebusca.app.controller.Coletor.inserirLink(com.maquinadebusca.app.sementes.Sementes)
to {[/coletor/link],methods=[POST],produces=[application/problem+json;charset=UTF-8]}: There is already 'coletor' bean method
public org.springframework.http.ResponseEntity com.maquinadebusca.app.controller.Coletor.inserirLink(com.maquinadebusca.app.model.Link,org.springframework.validation.BindingResult) mapped.

